[2025-03-11 07:27:59] [INFO] Načítání editoru pro uživatele: Marty9xxxx
[2025-03-11 07:27:59] [DEBUG] Uživatelská nastavení:
[2025-03-11 07:27:59] [DEBUG] Array
(
)

[2025-03-11 07:27:59] [INFO] Vybraný typ editoru: SimpleEditor
[2025-03-11 07:28:03] [INFO] Načítání editoru pro uživatele: Marty9xxxx
[2025-03-11 07:28:03] [DEBUG] Uživatelská nastavení:
[2025-03-11 07:28:03] [DEBUG] Array
(
)

[2025-03-11 07:28:03] [INFO] Vybraný typ editoru: SimpleEditor
[2025-03-11 07:33:38] [INFO] Načítání editoru pro uživatele: Marty9xxxx
[2025-03-11 07:33:38] [DEBUG] Uživatelská nastavení:
[2025-03-11 07:33:38] [DEBUG] Array
(
)

[2025-03-11 07:33:38] [DEBUG] Načtená uživatelská data:
[2025-03-11 07:33:38] [DEBUG] Array
(
    [0] => Array
        (
            [id] => 1
            [username] => Martin
            [password] => $2y$10$.q/WQBt/w.wR0kmIfDXIG.mBXrOezfmAQ74uIGtcuTurE45hAu.H6
            [role] => user
            [email] => martin@example.com
            [created_at] => 2025-02-18 07:28:20
            [settings] => Array
                (
                    [editor] => simple
                    [theme] => default
                )

        )

    [1] => Array
        (
            [id] => 2
            [username] => Tester
            [password] => $2y$10$X6.mU2WcfFs3urQpfQxaY.x88fR7tB29BLXKQdACqhV5HycCfW9Eu
            [role] => admin
            [email] => webazantmarty@gmail.com
            [created_at] => 2025-02-18 07:28:20
            [settings] => Array
                (
                    [editor] => tinymce
                    [theme] => default
                )

        )

    [3] => Array
        (
            [id] => 4
            [username] => testuživatel
            [password] => $2y$10$kZCB.r4DWylOuCPm5vi7.uwcXIMRr2lpVC7196m8zks.9v1WDfS6G
            [email] => webazantmarty@gmail.com
            [role] => user
            [created_at] => 2025-03-05 05:55:39
        )

)

[2025-03-11 07:33:38] [DEBUG] Nalezený uživatel:
[2025-03-11 07:33:38] [DEBUG] 
[2025-03-11 07:33:38] [INFO] Vybraný typ editoru: SimpleEditor
[2025-03-11 07:34:04] [INFO] Načítání editoru pro uživatele: Marty9xxxx
[2025-03-11 07:34:04] [DEBUG] Uživatelská nastavení:
[2025-03-11 07:34:04] [DEBUG] Array
(
)

[2025-03-11 07:34:04] [DEBUG] Načtená uživatelská data:
[2025-03-11 07:34:04] [DEBUG] Array
(
    [0] => Array
        (
            [id] => 1
            [username] => Martin
            [password] => $2y$10$.q/WQBt/w.wR0kmIfDXIG.mBXrOezfmAQ74uIGtcuTurE45hAu.H6
            [role] => user
            [email] => martin@example.com
            [created_at] => 2025-02-18 07:28:20
            [settings] => Array
                (
                    [editor] => simple
                    [theme] => default
                )

        )

    [1] => Array
        (
            [id] => 2
            [username] => Tester
            [password] => $2y$10$X6.mU2WcfFs3urQpfQxaY.x88fR7tB29BLXKQdACqhV5HycCfW9Eu
            [role] => admin
            [email] => webazantmarty@gmail.com
            [created_at] => 2025-02-18 07:28:20
            [settings] => Array
                (
                    [editor] => tinymce
                    [theme] => default
                )

        )

    [3] => Array
        (
            [id] => 4
            [username] => testuživatel
            [password] => $2y$10$kZCB.r4DWylOuCPm5vi7.uwcXIMRr2lpVC7196m8zks.9v1WDfS6G
            [email] => webazantmarty@gmail.com
            [role] => user
            [created_at] => 2025-03-05 05:55:39
        )

)

[2025-03-11 07:34:04] [DEBUG] Nalezený uživatel:
[2025-03-11 07:34:04] [DEBUG] 
[2025-03-11 07:34:04] [INFO] Vybraný typ editoru: SimpleEditor
[2025-03-11 07:34:06] [INFO] Načítání editoru pro uživatele: Marty9xxxx
[2025-03-11 07:34:06] [DEBUG] Uživatelská nastavení:
[2025-03-11 07:34:06] [DEBUG] Array
(
)

[2025-03-11 07:34:06] [DEBUG] Načtená uživatelská data:
[2025-03-11 07:34:06] [DEBUG] Array
(
    [0] => Array
        (
            [id] => 1
            [username] => Martin
            [password] => $2y$10$.q/WQBt/w.wR0kmIfDXIG.mBXrOezfmAQ74uIGtcuTurE45hAu.H6
            [role] => user
            [email] => martin@example.com
            [created_at] => 2025-02-18 07:28:20
            [settings] => Array
                (
                    [editor] => simple
                    [theme] => default
                )

        )

    [1] => Array
        (
            [id] => 2
            [username] => Tester
            [password] => $2y$10$X6.mU2WcfFs3urQpfQxaY.x88fR7tB29BLXKQdACqhV5HycCfW9Eu
            [role] => admin
            [email] => webazantmarty@gmail.com
            [created_at] => 2025-02-18 07:28:20
            [settings] => Array
                (
                    [editor] => tinymce
                    [theme] => default
                )

        )

    [3] => Array
        (
            [id] => 4
            [username] => testuživatel
            [password] => $2y$10$kZCB.r4DWylOuCPm5vi7.uwcXIMRr2lpVC7196m8zks.9v1WDfS6G
            [email] => webazantmarty@gmail.com
            [role] => user
            [created_at] => 2025-03-05 05:55:39
        )

)

[2025-03-11 07:34:06] [DEBUG] Nalezený uživatel:
[2025-03-11 07:34:06] [DEBUG] 
[2025-03-11 07:34:06] [INFO] Vybraný typ editoru: SimpleEditor
[2025-03-11 07:34:41] [INFO] Načítání editoru pro uživatele: Marty9xxxx
[2025-03-11 07:34:41] [DEBUG] Uživatelská nastavení:
[2025-03-11 07:34:41] [DEBUG] Array
(
)

[2025-03-11 07:34:41] [DEBUG] Načtená uživatelská data:
[2025-03-11 07:34:41] [DEBUG] Array
(
    [0] => Array
        (
            [id] => 1
            [username] => Martin
            [password] => $2y$10$.q/WQBt/w.wR0kmIfDXIG.mBXrOezfmAQ74uIGtcuTurE45hAu.H6
            [role] => user
            [email] => martin@example.com
            [created_at] => 2025-02-18 07:28:20
            [settings] => Array
                (
                    [editor] => simple
                    [theme] => default
                )

        )

    [1] => Array
        (
            [id] => 2
            [username] => Tester
            [password] => $2y$10$X6.mU2WcfFs3urQpfQxaY.x88fR7tB29BLXKQdACqhV5HycCfW9Eu
            [role] => admin
            [email] => webazantmarty@gmail.com
            [created_at] => 2025-02-18 07:28:20
            [settings] => Array
                (
                    [editor] => tinymce
                    [theme] => default
                )

        )

    [3] => Array
        (
            [id] => 4
            [username] => testuživatel
            [password] => $2y$10$kZCB.r4DWylOuCPm5vi7.uwcXIMRr2lpVC7196m8zks.9v1WDfS6G
            [email] => webazantmarty@gmail.com
            [role] => user
            [created_at] => 2025-03-05 05:55:39
        )

)

[2025-03-11 07:34:41] [DEBUG] Nalezený uživatel:
[2025-03-11 07:34:41] [DEBUG] 
[2025-03-11 07:34:41] [INFO] Vybraný typ editoru: SimpleEditor
